<?xml version="1.0" encoding="UTF-8"?>
<!-- Generated by org.testng.reporters.JUnitReportReporter -->
<testsuite hostname="MANJUNATH" failures="0" tests="1" name="jankinsP.practice1" time="0.013" errors="0" timestamp="2022-12-21T10:13:08 IST" skipped="0">
  <testcase classname="jankinsP.practice1" name="shivu" time="0.013"/>
  <system-out/>
</testsuite> <!-- jankinsP.practice1 -->
